<?xml version="1.0" encoding="UTF-8"?>
<!-- Generated by org.testng.reporters.JUnitXMLReporter -->
<testsuite hostname="Rohan-Laptop" ignored="18" name="Test" tests="1" failures="1" timestamp="2019-09-21T13:47:26 IST" time="16.445" errors="0">
  <testcase name="logIn" time="16.305" classname="com.rohan.testcases.LoginTest">
    <failure type="org.openqa.selenium.NoSuchElementException" message="no such element: Unable to locate element: {&amp;quot;method&amp;quot;:&amp;quot;xpath&amp;quot;,&amp;quot;selector&amp;quot;:&amp;quot;//input[@name=&amp;apos;username&amp;apos;]&amp;quot;}
  (Session info: chrome=77.0.3865.90)
For documentation on this error, please visit: https://www.seleniumhq.org/exceptions/no_such_element.html
Build info: version: &amp;apos;4.0.0-alpha-2&amp;apos;, revision: &amp;apos;f148142cf8&amp;apos;, time: &amp;apos;2019-07-01T20:55:26&amp;apos;
System info: host: &amp;apos;ROHAN-LAPTOP&amp;apos;, ip: &amp;apos;192.168.43.202&amp;apos;, os.name: &amp;apos;Windows 7&amp;apos;, os.arch: &amp;apos;amd64&amp;apos;, os.version: &amp;apos;6.1&amp;apos;, java.version: &amp;apos;1.8.0_221&amp;apos;
Driver info: org.openqa.selenium.chrome.ChromeDriver
Capabilities {acceptInsecureCerts: false, browserName: chrome, browserVersion: 77.0.3865.90, chrome: {chromedriverVersion: 76.0.3809.68 (420c9498db8ce..., userDataDir: C:\Users\Rohan\AppData\Loca...}, goog:chromeOptions: {debuggerAddress: localhost:61385}, javascriptEnabled: true, networkConnectionEnabled: false, pageLoadStrategy: normal, platform: XP, platformName: XP, proxy: Proxy(), setWindowRect: true, strictFileInteractability: false, timeouts: {implicit: 0, pageLoad: 300000, script: 30000}, unhandledPromptBehavior: dismiss and notify}
Session ID: ed5a937e018791133e344fe3b98fd4a4
*** Element info: {Using=xpath, value=//input[@name=&amp;apos;username&amp;apos;]}">
      <![CDATA[org.openqa.selenium.NoSuchElementException: no such element: Unable to locate element: {"method":"xpath","selector":"//input[@name='username']"}
  (Session info: chrome=77.0.3865.90)
For documentation on this error, please visit: https://www.seleniumhq.org/exceptions/no_such_element.html
Build info: version: '4.0.0-alpha-2', revision: 'f148142cf8', time: '2019-07-01T20:55:26'
System info: host: 'ROHAN-LAPTOP', ip: '192.168.43.202', os.name: 'Windows 7', os.arch: 'amd64', os.version: '6.1', java.version: '1.8.0_221'
Driver info: org.openqa.selenium.chrome.ChromeDriver
Capabilities {acceptInsecureCerts: false, browserName: chrome, browserVersion: 77.0.3865.90, chrome: {chromedriverVersion: 76.0.3809.68 (420c9498db8ce..., userDataDir: C:\Users\Rohan\AppData\Loca...}, goog:chromeOptions: {debuggerAddress: localhost:61385}, javascriptEnabled: true, networkConnectionEnabled: false, pageLoadStrategy: normal, platform: XP, platformName: XP, proxy: Proxy(), setWindowRect: true, strictFileInteractability: false, timeouts: {implicit: 0, pageLoad: 300000, script: 30000}, unhandledPromptBehavior: dismiss and notify}
Session ID: ed5a937e018791133e344fe3b98fd4a4
*** Element info: {Using=xpath, value=//input[@name='username']}
at org.openqa.selenium.remote.codec.w3c.W3CHttpResponseCodec.createException(W3CHttpResponseCodec.java:191)
at org.openqa.selenium.remote.codec.w3c.W3CHttpResponseCodec.decode(W3CHttpResponseCodec.java:125)
at org.openqa.selenium.remote.codec.w3c.W3CHttpResponseCodec.decode(W3CHttpResponseCodec.java:52)
at org.openqa.selenium.remote.HttpCommandExecutor.execute(HttpCommandExecutor.java:161)
at org.openqa.selenium.remote.service.DriverCommandExecutor.execute(DriverCommandExecutor.java:83)
at org.openqa.selenium.remote.RemoteWebDriver.execute(RemoteWebDriver.java:576)
at org.openqa.selenium.remote.RemoteWebDriver.findElement(RemoteWebDriver.java:327)
at org.openqa.selenium.remote.RemoteWebDriver.findElementByXPath(RemoteWebDriver.java:445)
at org.openqa.selenium.By$ByXPath.findElement(By.java:353)
at org.openqa.selenium.remote.RemoteWebDriver.findElement(RemoteWebDriver.java:319)
at com.rohan.pages.LoginPage.Login(LoginPage.java:27)
at com.rohan.testcases.LoginTest.logIn(LoginTest.java:33)
at java.util.ArrayList.forEach(Unknown Source)
... Removed 31 stack frames]]>
    </failure>
  </testcase> <!-- logIn -->
  <testcase name="@BeforeSuite initializeExtentReports" time="0.0" classname="com.rohan.base.TestBase">
    <ignored/>
  </testcase> <!-- @BeforeSuite initializeExtentReports -->
  <testcase name="@BeforeSuite initializeExtentReports" time="0.0" classname="com.rohan.base.TestBase">
    <ignored/>
  </testcase> <!-- @BeforeSuite initializeExtentReports -->
  <testcase name="@BeforeSuite initializeExtentReports" time="0.0" classname="com.rohan.base.TestBase">
    <ignored/>
  </testcase> <!-- @BeforeSuite initializeExtentReports -->
  <testcase name="@BeforeSuite initializeExtentReports" time="0.0" classname="com.rohan.base.TestBase">
    <ignored/>
  </testcase> <!-- @BeforeSuite initializeExtentReports -->
  <testcase name="@BeforeSuite initializeExtentReports" time="0.0" classname="com.rohan.base.TestBase">
    <ignored/>
  </testcase> <!-- @BeforeSuite initializeExtentReports -->
  <testcase name="@BeforeSuite initializeExtentReports" time="0.0" classname="com.rohan.base.TestBase">
    <ignored/>
  </testcase> <!-- @BeforeSuite initializeExtentReports -->
  <testcase name="@AfterSuite endExtentReport" time="0.0" classname="com.rohan.base.TestBase">
    <ignored/>
  </testcase> <!-- @AfterSuite endExtentReport -->
  <testcase name="@AfterSuite endExtentReport" time="0.0" classname="com.rohan.base.TestBase">
    <ignored/>
  </testcase> <!-- @AfterSuite endExtentReport -->
  <testcase name="@AfterSuite endExtentReport" time="0.0" classname="com.rohan.base.TestBase">
    <ignored/>
  </testcase> <!-- @AfterSuite endExtentReport -->
  <testcase name="@AfterSuite endExtentReport" time="0.0" classname="com.rohan.base.TestBase">
    <ignored/>
  </testcase> <!-- @AfterSuite endExtentReport -->
  <testcase name="@AfterSuite endExtentReport" time="0.0" classname="com.rohan.base.TestBase">
    <ignored/>
  </testcase> <!-- @AfterSuite endExtentReport -->
  <testcase name="@AfterSuite endExtentReport" time="0.0" classname="com.rohan.base.TestBase">
    <ignored/>
  </testcase> <!-- @AfterSuite endExtentReport -->
  <testcase name="@BeforeSuite setUp" time="0.0" classname="com.rohan.base.TestBase">
    <ignored/>
  </testcase> <!-- @BeforeSuite setUp -->
  <testcase name="@BeforeSuite setUp" time="0.0" classname="com.rohan.base.TestBase">
    <ignored/>
  </testcase> <!-- @BeforeSuite setUp -->
  <testcase name="@BeforeSuite setUp" time="0.0" classname="com.rohan.base.TestBase">
    <ignored/>
  </testcase> <!-- @BeforeSuite setUp -->
  <testcase name="@BeforeSuite setUp" time="0.0" classname="com.rohan.base.TestBase">
    <ignored/>
  </testcase> <!-- @BeforeSuite setUp -->
  <testcase name="@BeforeSuite setUp" time="0.0" classname="com.rohan.base.TestBase">
    <ignored/>
  </testcase> <!-- @BeforeSuite setUp -->
  <testcase name="@BeforeSuite setUp" time="0.0" classname="com.rohan.base.TestBase">
    <ignored/>
  </testcase> <!-- @BeforeSuite setUp -->
</testsuite> <!-- Test -->
